<?xml version="1.0" encoding="UTF-8"?>
<testng-results ignored="0" total="1" passed="1" failed="0" skipped="0">
  <reporter-output>
  </reporter-output>
  <suite started-at="2025-03-02T06:37:30 GMT-08:00" name="Suite" finished-at="2025-03-02T06:37:38 GMT-08:00" duration-ms="7868">
    <groups>
    </groups>
    <test started-at="2025-03-02T06:37:30 GMT-08:00" name="Test" finished-at="2025-03-02T06:37:38 GMT-08:00" duration-ms="7868">
      <class name="mavenforjenkins.UITest">
        <test-method signature="startBrowser(java.lang.String)[pri:0, instance:mavenforjenkins.UITest@41fbdac4]" started-at="2025-03-02T06:37:30 GMT-08:00" name="startBrowser" finished-at="2025-03-02T06:37:38 GMT-08:00" duration-ms="7785" status="PASS">
          <params>
            <param index="0">
              <value>
                <![CDATA[Chrome]]>
              </value>
            </param>
          </params>
          <reporter-output>
          </reporter-output>
        </test-method> <!-- startBrowser -->
      </class> <!-- mavenforjenkins.UITest -->
    </test> <!-- Test -->
  </suite> <!-- Suite -->
</testng-results>
