<?xml version="1.0" encoding="UTF-8"?>
<testng-results ignored="0" total="1" passed="1" failed="0" skipped="0">
  <reporter-output>
  </reporter-output>
  <suite started-at="2025-03-02T05:58:07 GMT-08:00" name="Suite" finished-at="2025-03-02T05:58:15 GMT-08:00" duration-ms="7471">
    <groups>
    </groups>
    <test started-at="2025-03-02T05:58:07 GMT-08:00" name="Test" finished-at="2025-03-02T05:58:15 GMT-08:00" duration-ms="7471">
      <class name="mavenforjenkins.UITest">
        <test-method signature="startBrowser()[pri:0, instance:mavenforjenkins.UITest@72d1ad2e]" started-at="2025-03-02T05:58:07 GMT-08:00" name="startBrowser" finished-at="2025-03-02T05:58:15 GMT-08:00" duration-ms="7427" status="PASS">
          <reporter-output>
          </reporter-output>
        </test-method> <!-- startBrowser -->
      </class> <!-- mavenforjenkins.UITest -->
    </test> <!-- Test -->
  </suite> <!-- Suite -->
</testng-results>
